{"@timestamp":"2025-10-04T02:50:27.5674+05:30","level":"INFO","logger_name":"com.medassist.medassist_backend.MedassistBackendApplication","message":"Starting MedassistBackendApplication using Java 21.0.8 with PID 61296 (E:\\IJ_Projects\\medassist-backend\\target\\classes started by sharm in E:\\IJ_Projects\\medassist-backend)","traceId":"","userId":"","endpoint":"","method":"","duration":""}
{"@timestamp":"2025-10-04T02:50:27.5753858+05:30","level":"INFO","logger_name":"com.medassist.medassist_backend.MedassistBackendApplication","message":"No active profile set, falling back to 1 default profile: \"default\"","traceId":"","userId":"","endpoint":"","method":"","duration":""}
{"@timestamp":"2025-10-04T02:50:27.6254039+05:30","level":"INFO","logger_name":"org.springframework.boot.devtools.env.DevToolsPropertyDefaultsPostProcessor","message":"Devtools property defaults active! Set 'spring.devtools.add-properties' to 'false' to disable","traceId":"","userId":"","endpoint":"","method":"","duration":""}
{"@timestamp":"2025-10-04T02:50:27.6254039+05:30","level":"INFO","logger_name":"org.springframework.boot.devtools.env.DevToolsPropertyDefaultsPostProcessor","message":"For additional web related logging consider setting the 'logging.level.web' property to 'DEBUG'","traceId":"","userId":"","endpoint":"","method":"","duration":""}
{"@timestamp":"2025-10-04T02:50:28.3365866+05:30","level":"INFO","logger_name":"org.springframework.data.repository.config.RepositoryConfigurationDelegate","message":"Bootstrapping Spring Data JPA repositories in DEFAULT mode.","traceId":"","userId":"","endpoint":"","method":"","duration":""}
{"@timestamp":"2025-10-04T02:50:28.4675561+05:30","level":"INFO","logger_name":"org.springframework.data.repository.config.RepositoryConfigurationDelegate","message":"Finished Spring Data repository scanning in 121 ms. Found 7 JPA repository interfaces.","traceId":"","userId":"","endpoint":"","method":"","duration":""}
{"@timestamp":"2025-10-04T02:50:29.4654896+05:30","level":"INFO","logger_name":"org.springframework.boot.web.embedded.tomcat.TomcatWebServer","message":"Tomcat initialized with port 8080 (http)","traceId":"","userId":"","endpoint":"","method":"","duration":""}
{"@timestamp":"2025-10-04T02:50:29.4755119+05:30","level":"INFO","logger_name":"org.apache.catalina.core.StandardService","message":"Starting service [Tomcat]","traceId":"","userId":"","endpoint":"","method":"","duration":""}
{"@timestamp":"2025-10-04T02:50:29.4755119+05:30","level":"INFO","logger_name":"org.apache.catalina.core.StandardEngine","message":"Starting Servlet engine: [Apache Tomcat/10.1.39]","traceId":"","userId":"","endpoint":"","method":"","duration":""}
{"@timestamp":"2025-10-04T02:50:29.5184947+05:30","level":"INFO","logger_name":"org.apache.catalina.core.ContainerBase.[Tomcat].[localhost].[/]","message":"Initializing Spring embedded WebApplicationContext","traceId":"","userId":"","endpoint":"","method":"","duration":""}
{"@timestamp":"2025-10-04T02:50:29.5184947+05:30","level":"INFO","logger_name":"org.springframework.boot.web.servlet.context.ServletWebServerApplicationContext","message":"Root WebApplicationContext: initialization completed in 1893 ms","traceId":"","userId":"","endpoint":"","method":"","duration":""}
{"@timestamp":"2025-10-04T02:50:30.0078557+05:30","level":"INFO","logger_name":"org.springframework.orm.jpa.persistenceunit.SpringPersistenceUnitInfo","message":"No LoadTimeWeaver setup: ignoring JPA class transformer","traceId":"","userId":"","endpoint":"","method":"","duration":""}
{"@timestamp":"2025-10-04T02:50:30.0287449+05:30","level":"INFO","logger_name":"com.zaxxer.hikari.HikariDataSource","message":"HikariPool-1 - Starting...","traceId":"","userId":"","endpoint":"","method":"","duration":""}
{"@timestamp":"2025-10-04T02:50:30.166433+05:30","level":"INFO","logger_name":"com.zaxxer.hikari.pool.HikariPool","message":"HikariPool-1 - Added connection org.postgresql.jdbc.PgConnection@761fe492","traceId":"","userId":"","endpoint":"","method":"","duration":""}
{"@timestamp":"2025-10-04T02:50:30.168419+05:30","level":"INFO","logger_name":"com.zaxxer.hikari.HikariDataSource","message":"HikariPool-1 - Start completed.","traceId":"","userId":"","endpoint":"","method":"","duration":""}
{"@timestamp":"2025-10-04T02:50:31.5243919+05:30","level":"INFO","logger_name":"org.springframework.orm.jpa.LocalContainerEntityManagerFactoryBean","message":"Initialized JPA EntityManagerFactory for persistence unit 'default'","traceId":"","userId":"","endpoint":"","method":"","duration":""}
{"@timestamp":"2025-10-04T02:50:31.7543911+05:30","level":"INFO","logger_name":"org.springframework.data.jpa.repository.query.QueryEnhancerFactory","message":"Hibernate is in classpath; If applicable, HQL parser will be used.","traceId":"","userId":"","endpoint":"","method":"","duration":""}
{"@timestamp":"2025-10-04T02:50:33.7803048+05:30","level":"WARN","logger_name":"org.springframework.boot.autoconfigure.orm.jpa.JpaBaseConfiguration$JpaWebConfiguration","message":"spring.jpa.open-in-view is enabled by default. Therefore, database queries may be performed during view rendering. Explicitly configure spring.jpa.open-in-view to disable this warning","traceId":"","userId":"","endpoint":"","method":"","duration":""}
{"@timestamp":"2025-10-04T02:50:34.16838+05:30","level":"INFO","logger_name":"org.springframework.boot.actuate.endpoint.web.EndpointLinksResolver","message":"Exposing 4 endpoints beneath base path '/actuator'","traceId":"","userId":"","endpoint":"","method":"","duration":""}
{"@timestamp":"2025-10-04T02:50:34.7850795+05:30","level":"INFO","logger_name":"org.springframework.boot.devtools.autoconfigure.OptionalLiveReloadServer","message":"LiveReload server is running on port 35729","traceId":"","userId":"","endpoint":"","method":"","duration":""}
{"@timestamp":"2025-10-04T02:50:34.8461273+05:30","level":"INFO","logger_name":"org.springframework.boot.web.embedded.tomcat.TomcatWebServer","message":"Tomcat started on port 8080 (http) with context path '/'","traceId":"","userId":"","endpoint":"","method":"","duration":""}
{"@timestamp":"2025-10-04T02:50:34.857127+05:30","level":"INFO","logger_name":"com.medassist.medassist_backend.MedassistBackendApplication","message":"Started MedassistBackendApplication in 7.934 seconds (process running for 8.652)","traceId":"","userId":"","endpoint":"","method":"","duration":""}
{"@timestamp":"2025-10-04T02:50:35.2445231+05:30","level":"INFO","logger_name":"org.apache.catalina.core.ContainerBase.[Tomcat].[localhost].[/]","message":"Initializing Spring DispatcherServlet 'dispatcherServlet'","traceId":"","userId":"","endpoint":"","method":"","duration":""}
{"@timestamp":"2025-10-04T02:50:45.7662753+05:30","level":"INFO","logger_name":"org.springframework.boot.web.embedded.tomcat.GracefulShutdown","message":"Commencing graceful shutdown. Waiting for active requests to complete","traceId":"","userId":"","endpoint":"","method":"","duration":""}
{"@timestamp":"2025-10-04T02:50:45.7662753+05:30","level":"INFO","logger_name":"org.springframework.boot.web.embedded.tomcat.GracefulShutdown","message":"Graceful shutdown complete","traceId":"","userId":"","endpoint":"","method":"","duration":""}
{"@timestamp":"2025-10-04T02:50:45.7925602+05:30","level":"INFO","logger_name":"org.springframework.orm.jpa.LocalContainerEntityManagerFactoryBean","message":"Closing JPA EntityManagerFactory for persistence unit 'default'","traceId":"","userId":"","endpoint":"","method":"","duration":""}
{"@timestamp":"2025-10-04T02:50:45.7925602+05:30","level":"INFO","logger_name":"com.zaxxer.hikari.HikariDataSource","message":"HikariPool-1 - Shutdown initiated...","traceId":"","userId":"","endpoint":"","method":"","duration":""}
{"@timestamp":"2025-10-04T02:50:45.7980965+05:30","level":"INFO","logger_name":"com.zaxxer.hikari.HikariDataSource","message":"HikariPool-1 - Shutdown completed.","traceId":"","userId":"","endpoint":"","method":"","duration":""}
