{"@timestamp":"2025-07-09T22:19:38.95867+05:30","level":"DEBUG","logger_name":"com.medassist.medassist_backend.security.JwtAuthenticationFilter","message":"Filter 'jwtAuthenticationFilter' configured for use"}
{"@timestamp":"2025-07-09T22:19:57.4966157+05:30","level":"DEBUG","logger_name":"com.medassist.medassist_backend.security.JwtAuthenticationFilter","message":"JWT token found for request: /api/auth/me"}
{"@timestamp":"2025-07-09T22:19:57.5634942+05:30","level":"DEBUG","logger_name":"com.medassist.medassist_backend.security.JwtAuthenticationFilter","message":"JWT validation successful for user: TestUser4416 on request: /api/auth/me"}
{"@timestamp":"2025-07-09T22:19:57.636168+05:30","level":"DEBUG","logger_name":"com.medassist.medassist_backend.security.JwtAuthenticationFilter","message":"Authentication set successfully for user: TestUser4416 on request: /api/auth/me"}
{"@timestamp":"2025-07-09T22:19:58.0079232+05:30","level":"DEBUG","logger_name":"com.medassist.medassist_backend.security.JwtAuthenticationFilter","message":"JWT token found for request: /api/auth/me"}
{"@timestamp":"2025-07-09T22:19:58.0151676+05:30","level":"DEBUG","logger_name":"com.medassist.medassist_backend.security.JwtAuthenticationFilter","message":"JWT validation successful for user: TestUser4416 on request: /api/auth/me"}
{"@timestamp":"2025-07-09T22:19:58.0206856+05:30","level":"DEBUG","logger_name":"com.medassist.medassist_backend.security.JwtAuthenticationFilter","message":"Authentication set successfully for user: TestUser4416 on request: /api/auth/me"}
{"@timestamp":"2025-07-09T22:19:58.372718+05:30","level":"DEBUG","logger_name":"com.medassist.medassist_backend.security.JwtAuthenticationFilter","message":"JWT token found for request: /api/auth/me"}
{"@timestamp":"2025-07-09T22:19:58.3774874+05:30","level":"DEBUG","logger_name":"com.medassist.medassist_backend.security.JwtAuthenticationFilter","message":"JWT validation successful for user: TestUser4416 on request: /api/auth/me"}
{"@timestamp":"2025-07-09T22:19:58.3829824+05:30","level":"DEBUG","logger_name":"com.medassist.medassist_backend.security.JwtAuthenticationFilter","message":"Authentication set successfully for user: TestUser4416 on request: /api/auth/me"}
{"@timestamp":"2025-07-09T22:20:03.2582966+05:30","level":"DEBUG","logger_name":"com.medassist.medassist_backend.security.JwtAuthenticationFilter","message":"JWT token found for request: /api/auth/me"}
{"@timestamp":"2025-07-09T22:20:03.261812+05:30","level":"DEBUG","logger_name":"com.medassist.medassist_backend.security.JwtAuthenticationFilter","message":"JWT validation successful for user: TestUser4416 on request: /api/auth/me"}
{"@timestamp":"2025-07-09T22:20:03.2668185+05:30","level":"DEBUG","logger_name":"com.medassist.medassist_backend.security.JwtAuthenticationFilter","message":"Authentication set successfully for user: TestUser4416 on request: /api/auth/me"}
{"@timestamp":"2025-07-09T22:20:17.5362449+05:30","level":"DEBUG","logger_name":"com.medassist.medassist_backend.security.JwtAuthenticationFilter","message":"JWT token found for request: /api/ai/medicine/analyze/image"}
{"@timestamp":"2025-07-09T22:20:17.5443104+05:30","level":"DEBUG","logger_name":"com.medassist.medassist_backend.security.JwtAuthenticationFilter","message":"JWT validation successful for user: TestUser4416 on request: /api/ai/medicine/analyze/image"}
{"@timestamp":"2025-07-09T22:20:17.5497394+05:30","level":"DEBUG","logger_name":"com.medassist.medassist_backend.security.JwtAuthenticationFilter","message":"Authentication set successfully for user: TestUser4416 on request: /api/ai/medicine/analyze/image"}
{"@timestamp":"2025-07-09T22:20:17.7068989+05:30","level":"DEBUG","logger_name":"com.medassist.medassist_backend.security.JwtAuthenticationFilter","message":"JWT token found for request: /api/auth/refresh-token"}
{"@timestamp":"2025-07-09T22:20:17.7119517+05:30","level":"DEBUG","logger_name":"com.medassist.medassist_backend.security.JwtAuthenticationFilter","message":"JWT validation successful for user: TestUser4416 on request: /api/auth/refresh-token"}
{"@timestamp":"2025-07-09T22:20:17.7179849+05:30","level":"DEBUG","logger_name":"com.medassist.medassist_backend.security.JwtAuthenticationFilter","message":"Authentication set successfully for user: TestUser4416 on request: /api/auth/refresh-token"}
{"@timestamp":"2025-07-09T22:20:17.8934436+05:30","level":"DEBUG","logger_name":"com.medassist.medassist_backend.security.JwtAuthenticationFilter","message":"JWT token found for request: /api/ai/medicine/analyze/image"}
{"@timestamp":"2025-07-09T22:20:17.8999531+05:30","level":"DEBUG","logger_name":"com.medassist.medassist_backend.security.JwtAuthenticationFilter","message":"JWT validation successful for user: TestUser4416 on request: /api/ai/medicine/analyze/image"}
{"@timestamp":"2025-07-09T22:20:17.9039607+05:30","level":"DEBUG","logger_name":"com.medassist.medassist_backend.security.JwtAuthenticationFilter","message":"Authentication set successfully for user: TestUser4416 on request: /api/ai/medicine/analyze/image"}
{"@timestamp":"2025-07-09T22:20:23.292313+05:30","level":"DEBUG","logger_name":"com.medassist.medassist_backend.security.JwtAuthenticationFilter","message":"JWT token found for request: /api/ai/medicine/analyze/image"}
{"@timestamp":"2025-07-09T22:20:23.2983394+05:30","level":"DEBUG","logger_name":"com.medassist.medassist_backend.security.JwtAuthenticationFilter","message":"JWT validation successful for user: TestUser4416 on request: /api/ai/medicine/analyze/image"}
{"@timestamp":"2025-07-09T22:20:23.3048554+05:30","level":"DEBUG","logger_name":"com.medassist.medassist_backend.security.JwtAuthenticationFilter","message":"Authentication set successfully for user: TestUser4416 on request: /api/ai/medicine/analyze/image"}
{"@timestamp":"2025-07-09T22:20:23.3549812+05:30","level":"DEBUG","logger_name":"com.medassist.medassist_backend.security.JwtAuthenticationFilter","message":"JWT token found for request: /api/auth/refresh-token"}
{"@timestamp":"2025-07-09T22:20:23.3610236+05:30","level":"DEBUG","logger_name":"com.medassist.medassist_backend.security.JwtAuthenticationFilter","message":"JWT validation successful for user: TestUser4416 on request: /api/auth/refresh-token"}
{"@timestamp":"2025-07-09T22:20:23.3650218+05:30","level":"DEBUG","logger_name":"com.medassist.medassist_backend.security.JwtAuthenticationFilter","message":"Authentication set successfully for user: TestUser4416 on request: /api/auth/refresh-token"}
{"@timestamp":"2025-07-09T22:20:23.4371304+05:30","level":"DEBUG","logger_name":"com.medassist.medassist_backend.security.JwtAuthenticationFilter","message":"JWT token found for request: /api/ai/medicine/analyze/image"}
{"@timestamp":"2025-07-09T22:20:23.4436323+05:30","level":"DEBUG","logger_name":"com.medassist.medassist_backend.security.JwtAuthenticationFilter","message":"JWT validation successful for user: TestUser4416 on request: /api/ai/medicine/analyze/image"}
{"@timestamp":"2025-07-09T22:20:23.4484542+05:30","level":"DEBUG","logger_name":"com.medassist.medassist_backend.security.JwtAuthenticationFilter","message":"Authentication set successfully for user: TestUser4416 on request: /api/ai/medicine/analyze/image"}
{"@timestamp":"2025-07-09T22:20:41.5267996+05:30","level":"DEBUG","logger_name":"com.medassist.medassist_backend.security.JwtAuthenticationFilter","message":"JWT token found for request: /api/ai/medicine/analyze/image"}
{"@timestamp":"2025-07-09T22:20:41.5338597+05:30","level":"DEBUG","logger_name":"com.medassist.medassist_backend.security.JwtAuthenticationFilter","message":"JWT validation successful for user: TestUser4416 on request: /api/ai/medicine/analyze/image"}
{"@timestamp":"2025-07-09T22:20:41.5368584+05:30","level":"DEBUG","logger_name":"com.medassist.medassist_backend.security.JwtAuthenticationFilter","message":"Authentication set successfully for user: TestUser4416 on request: /api/ai/medicine/analyze/image"}
{"@timestamp":"2025-07-09T22:20:41.585693+05:30","level":"DEBUG","logger_name":"com.medassist.medassist_backend.security.JwtAuthenticationFilter","message":"JWT token found for request: /api/auth/refresh-token"}
{"@timestamp":"2025-07-09T22:20:41.5896938+05:30","level":"DEBUG","logger_name":"com.medassist.medassist_backend.security.JwtAuthenticationFilter","message":"JWT validation successful for user: TestUser4416 on request: /api/auth/refresh-token"}
{"@timestamp":"2025-07-09T22:20:41.5936399+05:30","level":"DEBUG","logger_name":"com.medassist.medassist_backend.security.JwtAuthenticationFilter","message":"Authentication set successfully for user: TestUser4416 on request: /api/auth/refresh-token"}
{"@timestamp":"2025-07-09T22:20:41.64423+05:30","level":"DEBUG","logger_name":"com.medassist.medassist_backend.security.JwtAuthenticationFilter","message":"JWT token found for request: /api/ai/medicine/analyze/image"}
{"@timestamp":"2025-07-09T22:20:41.6472294+05:30","level":"DEBUG","logger_name":"com.medassist.medassist_backend.security.JwtAuthenticationFilter","message":"JWT validation successful for user: TestUser4416 on request: /api/ai/medicine/analyze/image"}
{"@timestamp":"2025-07-09T22:20:41.649734+05:30","level":"DEBUG","logger_name":"com.medassist.medassist_backend.security.JwtAuthenticationFilter","message":"Authentication set successfully for user: TestUser4416 on request: /api/ai/medicine/analyze/image"}
{"@timestamp":"2025-07-09T22:21:44.4008942+05:30","level":"DEBUG","logger_name":"com.medassist.medassist_backend.security.JwtAuthenticationFilter","message":"JWT token found for request: /api/ai/medicine/analyze/image"}
{"@timestamp":"2025-07-09T22:21:44.4064038+05:30","level":"DEBUG","logger_name":"com.medassist.medassist_backend.security.JwtAuthenticationFilter","message":"JWT validation successful for user: TestUser4416 on request: /api/ai/medicine/analyze/image"}
{"@timestamp":"2025-07-09T22:21:44.4099094+05:30","level":"DEBUG","logger_name":"com.medassist.medassist_backend.security.JwtAuthenticationFilter","message":"Authentication set successfully for user: TestUser4416 on request: /api/ai/medicine/analyze/image"}
{"@timestamp":"2025-07-09T22:21:44.4681159+05:30","level":"DEBUG","logger_name":"com.medassist.medassist_backend.security.JwtAuthenticationFilter","traceId":"e2f10c53006646e2","endpoint":"/api/ai/medicine/analyze/image","userAgent":"okhttp/4.12.0","method":"POST","userId":"TestUser4416","clientIp":"127.0.0.1","message":"JWT token found for request: /api/auth/refresh-token"}
{"@timestamp":"2025-07-09T22:21:44.470653+05:30","level":"DEBUG","logger_name":"com.medassist.medassist_backend.security.JwtAuthenticationFilter","traceId":"e2f10c53006646e2","endpoint":"/api/ai/medicine/analyze/image","userAgent":"okhttp/4.12.0","method":"POST","userId":"TestUser4416","clientIp":"127.0.0.1","message":"JWT validation successful for user: TestUser4416 on request: /api/auth/refresh-token"}
{"@timestamp":"2025-07-09T22:21:44.4741911+05:30","level":"DEBUG","logger_name":"com.medassist.medassist_backend.security.JwtAuthenticationFilter","traceId":"e2f10c53006646e2","endpoint":"/api/ai/medicine/analyze/image","userAgent":"okhttp/4.12.0","method":"POST","userId":"TestUser4416","clientIp":"127.0.0.1","message":"Authentication set successfully for user: TestUser4416 on request: /api/auth/refresh-token"}
{"@timestamp":"2025-07-09T22:21:44.520625+05:30","level":"DEBUG","logger_name":"com.medassist.medassist_backend.security.JwtAuthenticationFilter","traceId":"1cf5d41845c04589","endpoint":"/api/ai/medicine/analyze/image","userAgent":"okhttp/4.12.0","method":"POST","userId":"TestUser4416","clientIp":"127.0.0.1","message":"JWT token found for request: /api/ai/medicine/analyze/image"}
{"@timestamp":"2025-07-09T22:21:44.5261378+05:30","level":"DEBUG","logger_name":"com.medassist.medassist_backend.security.JwtAuthenticationFilter","traceId":"1cf5d41845c04589","endpoint":"/api/ai/medicine/analyze/image","userAgent":"okhttp/4.12.0","method":"POST","userId":"TestUser4416","clientIp":"127.0.0.1","message":"JWT validation successful for user: TestUser4416 on request: /api/ai/medicine/analyze/image"}
{"@timestamp":"2025-07-09T22:21:44.5291374+05:30","level":"DEBUG","logger_name":"com.medassist.medassist_backend.security.JwtAuthenticationFilter","traceId":"1cf5d41845c04589","endpoint":"/api/ai/medicine/analyze/image","userAgent":"okhttp/4.12.0","method":"POST","userId":"TestUser4416","clientIp":"127.0.0.1","message":"Authentication set successfully for user: TestUser4416 on request: /api/ai/medicine/analyze/image"}
{"@timestamp":"2025-07-09T23:08:55.1409657+05:30","level":"DEBUG","logger_name":"com.medassist.medassist_backend.security.JwtAuthenticationFilter","message":"Filter 'jwtAuthenticationFilter' configured for use"}
{"@timestamp":"2025-07-09T23:14:38.6530327+05:30","level":"DEBUG","logger_name":"com.medassist.medassist_backend.security.JwtAuthenticationFilter","message":"No JWT token found for request: /api/ai/medicine/analyze/image"}
{"@timestamp":"2025-07-09T23:14:38.7471686+05:30","level":"DEBUG","logger_name":"com.medassist.medassist_backend.security.JwtAuthenticationFilter","message":"JWT token found for request: /api/auth/refresh-token"}
{"@timestamp":"2025-07-09T23:14:38.7837053+05:30","level":"DEBUG","logger_name":"com.medassist.medassist_backend.security.JwtAuthenticationFilter","message":"JWT validation successful for user: TestUser4416 on request: /api/auth/refresh-token"}
{"@timestamp":"2025-07-09T23:14:38.8794652+05:30","level":"DEBUG","logger_name":"com.medassist.medassist_backend.security.JwtAuthenticationFilter","message":"Authentication set successfully for user: TestUser4416 on request: /api/auth/refresh-token"}
{"@timestamp":"2025-07-09T23:14:39.1436101+05:30","level":"DEBUG","logger_name":"com.medassist.medassist_backend.security.JwtAuthenticationFilter","message":"JWT token found for request: /api/ai/medicine/analyze/image"}
{"@timestamp":"2025-07-09T23:14:39.1486048+05:30","level":"DEBUG","logger_name":"com.medassist.medassist_backend.security.JwtAuthenticationFilter","message":"JWT validation successful for user: TestUser4416 on request: /api/ai/medicine/analyze/image"}
{"@timestamp":"2025-07-09T23:14:39.1536063+05:30","level":"DEBUG","logger_name":"com.medassist.medassist_backend.security.JwtAuthenticationFilter","message":"Authentication set successfully for user: TestUser4416 on request: /api/ai/medicine/analyze/image"}
{"@timestamp":"2025-07-09T23:25:42.6956055+05:30","level":"DEBUG","logger_name":"com.medassist.medassist_backend.security.JwtAuthenticationFilter","message":"Filter 'jwtAuthenticationFilter' configured for use"}
{"@timestamp":"2025-07-09T23:26:20.8584038+05:30","level":"DEBUG","logger_name":"com.medassist.medassist_backend.security.JwtAuthenticationFilter","message":"JWT token found for request: /api/auth/me"}
{"@timestamp":"2025-07-09T23:26:20.8584038+05:30","level":"DEBUG","logger_name":"com.medassist.medassist_backend.security.JwtAuthenticationFilter","message":"JWT token found for request: /api/auth/me"}
{"@timestamp":"2025-07-09T23:26:20.9100748+05:30","level":"DEBUG","logger_name":"com.medassist.medassist_backend.security.JwtAuthenticationFilter","message":"JWT validation successful for user: TestUser4416 on request: /api/auth/me"}
{"@timestamp":"2025-07-09T23:26:20.9100748+05:30","level":"DEBUG","logger_name":"com.medassist.medassist_backend.security.JwtAuthenticationFilter","message":"JWT validation successful for user: TestUser4416 on request: /api/auth/me"}
{"@timestamp":"2025-07-09T23:26:20.967772+05:30","level":"DEBUG","logger_name":"com.medassist.medassist_backend.security.JwtAuthenticationFilter","message":"Authentication set successfully for user: TestUser4416 on request: /api/auth/me"}
{"@timestamp":"2025-07-09T23:26:20.967772+05:30","level":"DEBUG","logger_name":"com.medassist.medassist_backend.security.JwtAuthenticationFilter","message":"Authentication set successfully for user: TestUser4416 on request: /api/auth/me"}
{"@timestamp":"2025-07-09T23:26:21.0273713+05:30","level":"DEBUG","logger_name":"com.medassist.medassist_backend.security.JwtAuthenticationFilter","message":"JWT token found for request: /api/auth/me"}
{"@timestamp":"2025-07-09T23:26:21.0323797+05:30","level":"DEBUG","logger_name":"com.medassist.medassist_backend.security.JwtAuthenticationFilter","message":"JWT validation successful for user: TestUser4416 on request: /api/auth/me"}
{"@timestamp":"2025-07-09T23:26:21.0464859+05:30","level":"DEBUG","logger_name":"com.medassist.medassist_backend.security.JwtAuthenticationFilter","message":"Authentication set successfully for user: TestUser4416 on request: /api/auth/me"}
{"@timestamp":"2025-07-09T23:38:15.9097494+05:30","level":"DEBUG","logger_name":"com.medassist.medassist_backend.security.JwtAuthenticationFilter","message":"No JWT token found for request: /api/ai/medicine/analyze/image"}
{"@timestamp":"2025-07-09T23:38:15.9588532+05:30","level":"DEBUG","logger_name":"com.medassist.medassist_backend.security.JwtAuthenticationFilter","message":"JWT token found for request: /api/auth/refresh-token"}
{"@timestamp":"2025-07-09T23:38:15.9638355+05:30","level":"DEBUG","logger_name":"com.medassist.medassist_backend.security.JwtAuthenticationFilter","message":"JWT validation successful for user: TestUser4416 on request: /api/auth/refresh-token"}
{"@timestamp":"2025-07-09T23:38:15.9672077+05:30","level":"DEBUG","logger_name":"com.medassist.medassist_backend.security.JwtAuthenticationFilter","message":"Authentication set successfully for user: TestUser4416 on request: /api/auth/refresh-token"}
{"@timestamp":"2025-07-09T23:38:16.0861481+05:30","level":"DEBUG","logger_name":"com.medassist.medassist_backend.security.JwtAuthenticationFilter","message":"JWT token found for request: /api/ai/medicine/analyze/image"}
{"@timestamp":"2025-07-09T23:38:16.0911482+05:30","level":"DEBUG","logger_name":"com.medassist.medassist_backend.security.JwtAuthenticationFilter","message":"JWT validation successful for user: TestUser4416 on request: /api/ai/medicine/analyze/image"}
{"@timestamp":"2025-07-09T23:38:16.0961495+05:30","level":"DEBUG","logger_name":"com.medassist.medassist_backend.security.JwtAuthenticationFilter","message":"Authentication set successfully for user: TestUser4416 on request: /api/ai/medicine/analyze/image"}
{"@timestamp":"2025-07-09T23:53:01.1194472+05:30","level":"DEBUG","logger_name":"com.medassist.medassist_backend.security.JwtAuthenticationFilter","message":"JWT token found for request: /api/auth/me"}
{"@timestamp":"2025-07-09T23:53:01.1194472+05:30","level":"DEBUG","logger_name":"com.medassist.medassist_backend.security.JwtAuthenticationFilter","message":"JWT token found for request: /api/auth/me"}
{"@timestamp":"2025-07-09T23:53:01.1491297+05:30","level":"DEBUG","logger_name":"com.medassist.medassist_backend.security.JwtAuthenticationFilter","message":"JWT validation successful for user: TestUser4416 on request: /api/auth/me"}
{"@timestamp":"2025-07-09T23:53:01.1501292+05:30","level":"DEBUG","logger_name":"com.medassist.medassist_backend.security.JwtAuthenticationFilter","message":"JWT validation successful for user: TestUser4416 on request: /api/auth/me"}
{"@timestamp":"2025-07-09T23:53:01.1831583+05:30","level":"DEBUG","logger_name":"com.medassist.medassist_backend.security.JwtAuthenticationFilter","message":"Authentication set successfully for user: TestUser4416 on request: /api/auth/me"}
{"@timestamp":"2025-07-09T23:53:01.1831583+05:30","level":"DEBUG","logger_name":"com.medassist.medassist_backend.security.JwtAuthenticationFilter","message":"Authentication set successfully for user: TestUser4416 on request: /api/auth/me"}
{"@timestamp":"2025-07-09T23:53:01.4431049+05:30","level":"DEBUG","logger_name":"com.medassist.medassist_backend.security.JwtAuthenticationFilter","message":"JWT token found for request: /api/auth/me"}
{"@timestamp":"2025-07-09T23:53:01.4496207+05:30","level":"DEBUG","logger_name":"com.medassist.medassist_backend.security.JwtAuthenticationFilter","message":"JWT validation successful for user: TestUser4416 on request: /api/auth/me"}
{"@timestamp":"2025-07-09T23:53:01.4546198+05:30","level":"DEBUG","logger_name":"com.medassist.medassist_backend.security.JwtAuthenticationFilter","message":"Authentication set successfully for user: TestUser4416 on request: /api/auth/me"}
{"@timestamp":"2025-07-09T23:53:09.2608146+05:30","level":"DEBUG","logger_name":"com.medassist.medassist_backend.security.JwtAuthenticationFilter","message":"No JWT token found for request: /api/medicines/2"}
{"@timestamp":"2025-07-09T23:53:25.5578864+05:30","level":"DEBUG","logger_name":"com.medassist.medassist_backend.security.JwtAuthenticationFilter","message":"No JWT token found for request: /api/medicines/2"}
{"@timestamp":"2025-07-09T23:53:42.7480724+05:30","level":"DEBUG","logger_name":"com.medassist.medassist_backend.security.JwtAuthenticationFilter","message":"JWT token found for request: /api/ai/medicine/analyze/image"}
{"@timestamp":"2025-07-09T23:53:42.7540752+05:30","level":"DEBUG","logger_name":"com.medassist.medassist_backend.security.JwtAuthenticationFilter","message":"JWT validation successful for user: TestUser4416 on request: /api/ai/medicine/analyze/image"}
{"@timestamp":"2025-07-09T23:53:42.7736941+05:30","level":"DEBUG","logger_name":"com.medassist.medassist_backend.security.JwtAuthenticationFilter","message":"Authentication set successfully for user: TestUser4416 on request: /api/ai/medicine/analyze/image"}
{"@timestamp":"2025-07-09T23:53:44.0970467+05:30","level":"DEBUG","logger_name":"com.medassist.medassist_backend.security.JwtAuthenticationFilter","message":"JWT token found for request: /api/auth/refresh-token"}
{"@timestamp":"2025-07-09T23:53:44.1010454+05:30","level":"DEBUG","logger_name":"com.medassist.medassist_backend.security.JwtAuthenticationFilter","message":"JWT validation successful for user: TestUser4416 on request: /api/auth/refresh-token"}
{"@timestamp":"2025-07-09T23:53:44.1060474+05:30","level":"DEBUG","logger_name":"com.medassist.medassist_backend.security.JwtAuthenticationFilter","message":"Authentication set successfully for user: TestUser4416 on request: /api/auth/refresh-token"}
{"@timestamp":"2025-07-09T23:53:44.182475+05:30","level":"DEBUG","logger_name":"com.medassist.medassist_backend.security.JwtAuthenticationFilter","traceId":"97d44ba4bbfb4f4f","endpoint":"/api/ai/medicine/analyze/image","userAgent":"okhttp/4.12.0","method":"POST","userId":"TestUser4416","clientIp":"127.0.0.1","message":"JWT token found for request: /api/ai/medicine/analyze/image"}
{"@timestamp":"2025-07-09T23:53:44.1894721+05:30","level":"DEBUG","logger_name":"com.medassist.medassist_backend.security.JwtAuthenticationFilter","traceId":"97d44ba4bbfb4f4f","endpoint":"/api/ai/medicine/analyze/image","userAgent":"okhttp/4.12.0","method":"POST","userId":"TestUser4416","clientIp":"127.0.0.1","message":"JWT validation successful for user: TestUser4416 on request: /api/ai/medicine/analyze/image"}
{"@timestamp":"2025-07-09T23:53:44.1949813+05:30","level":"DEBUG","logger_name":"com.medassist.medassist_backend.security.JwtAuthenticationFilter","traceId":"97d44ba4bbfb4f4f","endpoint":"/api/ai/medicine/analyze/image","userAgent":"okhttp/4.12.0","method":"POST","userId":"TestUser4416","clientIp":"127.0.0.1","message":"Authentication set successfully for user: TestUser4416 on request: /api/ai/medicine/analyze/image"}
{"@timestamp":"2025-07-09T23:59:46.1183739+05:30","level":"DEBUG","logger_name":"com.medassist.medassist_backend.security.JwtAuthenticationFilter","message":"JWT token found for request: /api/auth/me"}
{"@timestamp":"2025-07-09T23:59:46.1183739+05:30","level":"DEBUG","logger_name":"com.medassist.medassist_backend.security.JwtAuthenticationFilter","message":"JWT token found for request: /api/auth/me"}
{"@timestamp":"2025-07-09T23:59:46.1779744+05:30","level":"DEBUG","logger_name":"com.medassist.medassist_backend.security.JwtAuthenticationFilter","message":"JWT validation successful for user: TestUser4416 on request: /api/auth/me"}
{"@timestamp":"2025-07-09T23:59:46.1779744+05:30","level":"DEBUG","logger_name":"com.medassist.medassist_backend.security.JwtAuthenticationFilter","message":"JWT validation successful for user: TestUser4416 on request: /api/auth/me"}
{"@timestamp":"2025-07-09T23:59:46.3609085+05:30","level":"DEBUG","logger_name":"com.medassist.medassist_backend.security.JwtAuthenticationFilter","message":"Authentication set successfully for user: TestUser4416 on request: /api/auth/me"}
{"@timestamp":"2025-07-09T23:59:46.3609085+05:30","level":"DEBUG","logger_name":"com.medassist.medassist_backend.security.JwtAuthenticationFilter","message":"Authentication set successfully for user: TestUser4416 on request: /api/auth/me"}
{"@timestamp":"2025-07-09T23:59:46.6153765+05:30","level":"DEBUG","logger_name":"com.medassist.medassist_backend.security.JwtAuthenticationFilter","message":"JWT token found for request: /api/auth/me"}
{"@timestamp":"2025-07-09T23:59:46.6283772+05:30","level":"DEBUG","logger_name":"com.medassist.medassist_backend.security.JwtAuthenticationFilter","message":"JWT validation successful for user: TestUser4416 on request: /api/auth/me"}
{"@timestamp":"2025-07-09T23:59:46.6369094+05:30","level":"DEBUG","logger_name":"com.medassist.medassist_backend.security.JwtAuthenticationFilter","message":"Authentication set successfully for user: TestUser4416 on request: /api/auth/me"}
