{"@timestamp":"2025-07-10T00:03:30.3625906+05:30","level":"DEBUG","logger_name":"com.medassist.medassist_backend.security.JwtAuthenticationFilter","message":"JWT token found for request: /api/ai/medicine/analyze/image"}
{"@timestamp":"2025-07-10T00:03:30.4100972+05:30","level":"DEBUG","logger_name":"com.medassist.medassist_backend.security.JwtAuthenticationFilter","message":"JWT validation successful for user: TestUser4416 on request: /api/ai/medicine/analyze/image"}
{"@timestamp":"2025-07-10T00:03:30.4190959+05:30","level":"DEBUG","logger_name":"com.medassist.medassist_backend.security.JwtAuthenticationFilter","message":"Authentication set successfully for user: TestUser4416 on request: /api/ai/medicine/analyze/image"}
{"@timestamp":"2025-07-10T00:03:33.4538405+05:30","level":"DEBUG","logger_name":"com.medassist.medassist_backend.security.JwtAuthenticationFilter","traceId":"bda8d378d4b340ea","endpoint":"/api/ai/medicine/analyze/image","userAgent":"okhttp/4.12.0","method":"POST","userId":"TestUser4416","clientIp":"127.0.0.1","message":"JWT token found for request: /api/auth/refresh-token"}
{"@timestamp":"2025-07-10T00:03:33.4732572+05:30","level":"DEBUG","logger_name":"com.medassist.medassist_backend.security.JwtAuthenticationFilter","traceId":"bda8d378d4b340ea","endpoint":"/api/ai/medicine/analyze/image","userAgent":"okhttp/4.12.0","method":"POST","userId":"TestUser4416","clientIp":"127.0.0.1","message":"JWT validation successful for user: TestUser4416 on request: /api/auth/refresh-token"}
{"@timestamp":"2025-07-10T00:03:33.4852609+05:30","level":"DEBUG","logger_name":"com.medassist.medassist_backend.security.JwtAuthenticationFilter","traceId":"bda8d378d4b340ea","endpoint":"/api/ai/medicine/analyze/image","userAgent":"okhttp/4.12.0","method":"POST","userId":"TestUser4416","clientIp":"127.0.0.1","message":"Authentication set successfully for user: TestUser4416 on request: /api/auth/refresh-token"}
{"@timestamp":"2025-07-10T00:03:33.6289805+05:30","level":"DEBUG","logger_name":"com.medassist.medassist_backend.security.JwtAuthenticationFilter","message":"JWT token found for request: /api/ai/medicine/analyze/image"}
{"@timestamp":"2025-07-10T00:03:33.6384981+05:30","level":"DEBUG","logger_name":"com.medassist.medassist_backend.security.JwtAuthenticationFilter","message":"JWT validation successful for user: TestUser4416 on request: /api/ai/medicine/analyze/image"}
{"@timestamp":"2025-07-10T00:03:33.6465041+05:30","level":"DEBUG","logger_name":"com.medassist.medassist_backend.security.JwtAuthenticationFilter","message":"Authentication set successfully for user: TestUser4416 on request: /api/ai/medicine/analyze/image"}
{"@timestamp":"2025-07-10T00:21:06.9671374+05:30","level":"DEBUG","logger_name":"com.medassist.medassist_backend.security.JwtAuthenticationFilter","message":"JWT token found for request: /api/ai/medicine/analyze/image"}
{"@timestamp":"2025-07-10T00:21:06.9786425+05:30","level":"DEBUG","logger_name":"com.medassist.medassist_backend.security.JwtAuthenticationFilter","message":"JWT validation successful for user: TestUser4416 on request: /api/ai/medicine/analyze/image"}
{"@timestamp":"2025-07-10T00:21:07.0101749+05:30","level":"DEBUG","logger_name":"com.medassist.medassist_backend.security.JwtAuthenticationFilter","message":"Authentication set successfully for user: TestUser4416 on request: /api/ai/medicine/analyze/image"}
{"@timestamp":"2025-07-10T00:21:09.3920916+05:30","level":"DEBUG","logger_name":"com.medassist.medassist_backend.security.JwtAuthenticationFilter","message":"JWT token found for request: /api/auth/refresh-token"}
{"@timestamp":"2025-07-10T00:21:09.4036137+05:30","level":"DEBUG","logger_name":"com.medassist.medassist_backend.security.JwtAuthenticationFilter","message":"JWT validation successful for user: TestUser4416 on request: /api/auth/refresh-token"}
{"@timestamp":"2025-07-10T00:21:09.411941+05:30","level":"DEBUG","logger_name":"com.medassist.medassist_backend.security.JwtAuthenticationFilter","message":"Authentication set successfully for user: TestUser4416 on request: /api/auth/refresh-token"}
{"@timestamp":"2025-07-10T00:21:09.5615943+05:30","level":"DEBUG","logger_name":"com.medassist.medassist_backend.security.JwtAuthenticationFilter","message":"JWT token found for request: /api/ai/medicine/analyze/image"}
{"@timestamp":"2025-07-10T00:21:09.5721557+05:30","level":"DEBUG","logger_name":"com.medassist.medassist_backend.security.JwtAuthenticationFilter","message":"JWT validation successful for user: TestUser4416 on request: /api/ai/medicine/analyze/image"}
{"@timestamp":"2025-07-10T00:21:09.5793016+05:30","level":"DEBUG","logger_name":"com.medassist.medassist_backend.security.JwtAuthenticationFilter","message":"Authentication set successfully for user: TestUser4416 on request: /api/ai/medicine/analyze/image"}
{"@timestamp":"2025-07-10T00:57:59.1393333+05:30","level":"DEBUG","logger_name":"com.medassist.medassist_backend.security.JwtAuthenticationFilter","message":"Filter 'jwtAuthenticationFilter' configured for use"}
{"@timestamp":"2025-07-10T01:03:16.8262705+05:30","level":"DEBUG","logger_name":"com.medassist.medassist_backend.security.JwtAuthenticationFilter","message":"Filter 'jwtAuthenticationFilter' configured for use"}
{"@timestamp":"2025-07-10T01:06:25.3397366+05:30","level":"DEBUG","logger_name":"com.medassist.medassist_backend.security.JwtAuthenticationFilter","message":"Filter 'jwtAuthenticationFilter' configured for use"}
